<?xml version="1.0" encoding="UTF-8"?>
<!-- Generated by org.testng.reporters.JUnitReportReporter -->
<testsuite hostname="MSI" failures="0" tests="3" name="Kitabisa_SeleniumTestNG.Kitabisa_SeleniumTestNG.Pembayaran" time="35.263" errors="0" timestamp="4 Nov 2020 15:37:36 GMT">
  <testcase classname="Kitabisa_SeleniumTestNG.Kitabisa_SeleniumTestNG.Pembayaran" name="selectCampaign" time="6.488"/>
  <testcase classname="Kitabisa_SeleniumTestNG.Kitabisa_SeleniumTestNG.Pembayaran" name="inputPembayaran" time="13.581"/>
  <testcase classname="Kitabisa_SeleniumTestNG.Kitabisa_SeleniumTestNG.Pembayaran" name="closeBack" time="15.194"/>
</testsuite> <!-- Kitabisa_SeleniumTestNG.Kitabisa_SeleniumTestNG.Pembayaran -->
